<?xml version="1.0" encoding="UTF-8" ?>
<testsuite errors="0" failures="0" hostname="RKC-THINK" name="zynx.PostIntegrationTests" tests="3" time="0.761" timestamp="2014-07-28T04:37:30">
  <properties />
  <testcase classname="zynx.PostIntegrationTests" name="testFirstPost" time="0.657" />
  <testcase classname="zynx.PostIntegrationTests" name="testAccessingPosts" time="0.035" />
  <testcase classname="zynx.PostIntegrationTests" name="testPostWithTags" time="0.035" />
  <system-out><![CDATA[--Output from testFirstPost--
--Output from testAccessingPosts--
--Output from testPostWithTags--
]]></system-out>
  <system-err><![CDATA[--Output from testFirstPost--
--Output from testAccessingPosts--
--Output from testPostWithTags--
]]></system-err>
</testsuite>
